17-feb-2012 21:24:50 main.Errors showError
GRAVE: Error while uploading backup to web
17-feb-2012 22:11:23 main.Errors showError
GRAVE: Error while uploading backup to web
17-feb-2012 22:16:25 main.Errors showError
GRAVE: Error while uploading backup to web
23-feb-2012 22:56:55 main.Errors showError
GRAVE: Error while looking for band name on web
14-mar-2012 19:54:24 main.Errors showError
GRAVE: Error saving review
Failed to save review Aclla Landscape Revolution

14-mar-2012 19:54:25 main.Errors showError
GRAVE: Error saving review
Failed to save review Adrenaline Mob Adrenaline Mob

14-mar-2012 19:54:26 main.Errors showError
GRAVE: Error saving review
Failed to save review Agrypnie Asche

14-mar-2012 19:54:26 main.Errors showError
GRAVE: Error saving review
Failed to save review Alcest Les voyages de L'Âme

14-mar-2012 19:54:27 main.Errors showError
GRAVE: Error saving review
Failed to save review Aldious Mermaid

14-mar-2012 19:54:27 main.Errors showError
GRAVE: Error saving review
Failed to save review Anathema Falling deper

14-mar-2012 19:54:28 main.Errors showError
GRAVE: Error saving review
Failed to save review Annihilationmancer The involution philosophy

14-mar-2012 19:54:28 main.Errors showError
GRAVE: Error saving review
Failed to save review Anthrax Worship Music

14-mar-2012 19:54:29 main.Errors showError
GRAVE: Error saving review
Failed to save review Anubis gate A perfect forever

14-mar-2012 19:54:29 main.Errors showError
GRAVE: Error saving review
Failed to save review Anubis gate Andromeda unchained

14-mar-2012 19:54:30 main.Errors showError
GRAVE: Error saving review
Failed to save review Anubis gate Purification

14-mar-2012 19:54:30 main.Errors showError
GRAVE: Error saving review
Failed to save review Arch Mateos Sympathetic Resonance

14-mar-2012 19:54:31 main.Errors showError
GRAVE: Error saving review
Failed to save review Arcturus Constellation

14-mar-2012 19:54:31 main.Errors showError
GRAVE: Error saving review
Failed to save review Arcturus My angel

14-mar-2012 19:54:31 main.Errors showError
GRAVE: Error saving review
Failed to save review Before the rain Frail

14-mar-2012 19:54:32 main.Errors showError
GRAVE: Error saving review
Failed to save review Berri Txarrak Haria

14-mar-2012 19:54:32 main.Errors showError
GRAVE: Error saving review
Failed to save review Between the buried and me The parallax hypersleep dialogue

14-mar-2012 19:54:33 main.Errors showError
GRAVE: Error saving review
Failed to save review Beyond the bridge The old man and the spirit

14-mar-2012 19:54:33 main.Errors showError
GRAVE: Error saving review
Failed to save review Blitzkrieg Buried alive

14-mar-2012 19:54:33 main.Errors showError
GRAVE: Error saving review
Failed to save review Blotted science The animation of Entomology

14-mar-2012 19:54:34 main.Errors showError
GRAVE: Error saving review
Failed to save review Borknagar Borknagar

14-mar-2012 19:54:34 main.Errors showError
GRAVE: Error saving review
Failed to save review Borknagar Empiricism

14-mar-2012 19:54:35 main.Errors showError
GRAVE: Error saving review
Failed to save review Borknagar Epic

14-mar-2012 19:54:35 main.Errors showError
GRAVE: Error saving review
Failed to save review Borknagar Origin

14-mar-2012 19:54:35 main.Errors showError
GRAVE: Error saving review
Failed to save review Borknagar Quintessence

14-mar-2012 19:54:36 main.Errors showError
GRAVE: Error saving review
Failed to save review Borknagar The archaic course

14-mar-2012 19:54:36 main.Errors showError
GRAVE: Error saving review
Failed to save review Borknagar The olden domain

14-mar-2012 19:54:36 main.Errors showError
GRAVE: Error saving review
Failed to save review Borknagar Universal

14-mar-2012 19:54:37 main.Errors showError
GRAVE: Error saving review
Failed to save review Brutal Truth End time

14-mar-2012 19:54:37 main.Errors showError
GRAVE: Error saving review
Failed to save review Deceased Surreal overdose

14-mar-2012 19:54:38 main.Errors showError
GRAVE: Error saving review
Failed to save review Deep Pruple Burn

14-mar-2012 19:54:38 main.Errors showError
GRAVE: Error saving review
Failed to save review Immolation Providence

14-mar-2012 19:54:39 main.Errors showError
GRAVE: Error saving review
Failed to save review Napalm Death Utilitarian

14-mar-2012 19:54:39 main.Errors showError
GRAVE: Error saving review
Failed to save review Nemesea The quiet resistance

14-mar-2012 19:54:39 main.Errors showError
GRAVE: Error saving review
Failed to save review Nothnegal Decadence

14-mar-2012 19:54:40 main.Errors showError
GRAVE: Error saving review
Failed to save review Soen Cognitive

14-mar-2012 19:54:40 main.Errors showError
GRAVE: Error saving review
Failed to save review Stam1na Nocebo

14-mar-2012 19:54:40 main.Errors showError
GRAVE: Error saving review
Failed to save review T.R.A.M Lingua franca

14-mar-2012 19:54:41 main.Errors showError
GRAVE: Error saving review
Failed to save review The wretched end Ominous

14-mar-2012 19:54:41 main.Errors showError
GRAVE: Error saving review
Failed to save review Van Halen A different kind of truth

14-mar-2012 19:57:08 main.Errors writeError
GRAVE: Error saving review
Failed to save review Aclla Landscape Revolution

14-mar-2012 19:57:08 main.Errors writeError
GRAVE: Error saving review
Failed to save review Adrenaline Mob Adrenaline Mob

14-mar-2012 19:57:08 main.Errors writeError
GRAVE: Error saving review
Failed to save review Agrypnie Asche

14-mar-2012 19:57:08 main.Errors writeError
GRAVE: Error saving review
Failed to save review Alcest Les voyages de L'Âme

14-mar-2012 19:57:08 main.Errors writeError
GRAVE: Error saving review
Failed to save review Aldious Mermaid

14-mar-2012 19:57:08 main.Errors writeError
GRAVE: Error saving review
Failed to save review Anathema Falling deper

14-mar-2012 19:57:09 main.Errors writeError
GRAVE: Error saving review
Failed to save review Annihilationmancer The involution philosophy

14-mar-2012 19:57:09 main.Errors writeError
GRAVE: Error saving review
Failed to save review Anthrax Worship Music

14-mar-2012 19:57:09 main.Errors writeError
GRAVE: Error saving review
Failed to save review Anubis gate A perfect forever

14-mar-2012 19:57:09 main.Errors writeError
GRAVE: Error saving review
Failed to save review Anubis gate Andromeda unchained

14-mar-2012 19:57:09 main.Errors writeError
GRAVE: Error saving review
Failed to save review Anubis gate Purification

14-mar-2012 19:57:09 main.Errors writeError
GRAVE: Error saving review
Failed to save review Arch Mateos Sympathetic Resonance

14-mar-2012 19:57:09 main.Errors writeError
GRAVE: Error saving review
Failed to save review Arcturus Constellation

14-mar-2012 19:57:09 main.Errors writeError
GRAVE: Error saving review
Failed to save review Arcturus My angel

14-mar-2012 19:57:09 main.Errors writeError
GRAVE: Error saving review
Failed to save review Before the rain Frail

14-mar-2012 19:57:09 main.Errors writeError
GRAVE: Error saving review
Failed to save review Berri Txarrak Haria

14-mar-2012 19:57:09 main.Errors writeError
GRAVE: Error saving review
Failed to save review Between the buried and me The parallax hypersleep dialogue

14-mar-2012 19:57:10 main.Errors writeError
GRAVE: Error saving review
Failed to save review Beyond the bridge The old man and the spirit

14-mar-2012 19:57:10 main.Errors writeError
GRAVE: Error saving review
Failed to save review Blitzkrieg Buried alive

14-mar-2012 19:57:10 main.Errors writeError
GRAVE: Error saving review
Failed to save review Blotted science The animation of Entomology

14-mar-2012 19:57:10 main.Errors writeError
GRAVE: Error saving review
Failed to save review Borknagar Borknagar

14-mar-2012 19:57:10 main.Errors writeError
GRAVE: Error saving review
Failed to save review Borknagar Empiricism

14-mar-2012 19:57:10 main.Errors writeError
GRAVE: Error saving review
Failed to save review Borknagar Epic

14-mar-2012 19:57:10 main.Errors writeError
GRAVE: Error saving review
Failed to save review Borknagar Origin

14-mar-2012 19:57:10 main.Errors writeError
GRAVE: Error saving review
Failed to save review Borknagar Quintessence

14-mar-2012 19:57:10 main.Errors writeError
GRAVE: Error saving review
Failed to save review Borknagar The archaic course

14-mar-2012 19:57:10 main.Errors writeError
GRAVE: Error saving review
Failed to save review Borknagar The olden domain

14-mar-2012 19:57:10 main.Errors writeError
GRAVE: Error saving review
Failed to save review Borknagar Universal

14-mar-2012 19:57:11 main.Errors writeError
GRAVE: Error saving review
Failed to save review Brutal Truth End time

14-mar-2012 19:57:11 main.Errors writeError
GRAVE: Error saving review
Failed to save review Deceased Surreal overdose

14-mar-2012 19:57:11 main.Errors writeError
GRAVE: Error saving review
Failed to save review Deep Pruple Burn

14-mar-2012 19:57:11 main.Errors writeError
GRAVE: Error saving review
Failed to save review Immolation Providence

14-mar-2012 19:57:11 main.Errors writeError
GRAVE: Error saving review
Failed to save review Napalm Death Utilitarian

14-mar-2012 19:57:11 main.Errors writeError
GRAVE: Error saving review
Failed to save review Nemesea The quiet resistance

14-mar-2012 19:57:11 main.Errors writeError
GRAVE: Error saving review
Failed to save review Nothnegal Decadence

14-mar-2012 19:57:11 main.Errors writeError
GRAVE: Error saving review
Failed to save review Soen Cognitive

14-mar-2012 19:57:11 main.Errors writeError
GRAVE: Error saving review
Failed to save review Stam1na Nocebo

14-mar-2012 19:57:11 main.Errors writeError
GRAVE: Error saving review
Failed to save review T.R.A.M Lingua franca

14-mar-2012 19:57:11 main.Errors writeError
GRAVE: Error saving review
Failed to save review The wretched end Ominous

14-mar-2012 19:57:12 main.Errors writeError
GRAVE: Error saving review
Failed to save review Van Halen A different kind of truth

01-may-2012 21:34:34 main.Errors showError
GRAVE: Error while uploading backup to web
10-may-2012 22:29:13 main.Errors showError
GRAVE: Error while looking for band name on web
10-may-2012 22:29:28 main.Errors showError
GRAVE: Error while looking for band name on web
10-may-2012 22:41:08 main.Errors showError
GRAVE: Error on select sentence on database
10-may-2012 22:41:08 main.Errors writeError
GRAVE: Error on select sentence on database
select * from music where groupName="Angel Corpse" and title="Iron Blood & Blasphemy"

10-may-2012 22:41:08 main.Errors writeError
GRAVE: Error saving review
Failed to save review Angel Corpse Iron Blood & Blasphemy

10-may-2012 22:41:11 main.Errors showError
GRAVE: Error on select sentence on database
10-may-2012 22:41:11 main.Errors writeError
GRAVE: Error on select sentence on database
select * from music where groupName="Benediction" and title="Trascend the Rubicon"

10-may-2012 22:41:11 main.Errors writeError
GRAVE: Error saving review
Failed to save review Benediction Trascend the Rubicon

10-may-2012 22:41:11 main.Errors showError
GRAVE: Error on select sentence on database
10-may-2012 22:41:11 main.Errors writeError
GRAVE: Error on select sentence on database
select * from music where groupName="Blotted science" and title="The animation of Entomology"

10-may-2012 22:41:11 main.Errors writeError
GRAVE: Error saving review
Failed to save review Blotted science The animation of Entomology

10-may-2012 22:41:12 main.Errors showError
GRAVE: Error on select sentence on database
10-may-2012 22:41:12 main.Errors writeError
GRAVE: Error on select sentence on database
select * from music where groupName="Charred Walls of the Damned" and title="Cold winds in timeless days"

10-may-2012 22:41:12 main.Errors writeError
GRAVE: Error saving review
Failed to save review Charred Walls of the Damned Cold winds in timeless days

10-may-2012 22:41:13 main.Errors showError
GRAVE: Error on select sentence on database
10-may-2012 22:41:13 main.Errors writeError
GRAVE: Error on select sentence on database
select * from music where groupName="Deep Pruple" and title="Burn [30th Anniversary Edition]"

10-may-2012 22:41:13 main.Errors writeError
GRAVE: Error saving review
Failed to save review Deep Pruple Burn [30th Anniversary Edition]

10-may-2012 22:41:14 main.Errors showError
GRAVE: Error on select sentence on database
10-may-2012 22:41:14 main.Errors writeError
GRAVE: Error on select sentence on database
select * from music where groupName="Deep Pruple" and title="Burn"

10-may-2012 22:41:14 main.Errors writeError
GRAVE: Error saving review
Failed to save review Deep Pruple Burn

10-may-2012 22:41:16 main.Errors showError
GRAVE: Error on select sentence on database
10-may-2012 22:41:16 main.Errors writeError
GRAVE: Error on select sentence on database
select * from music where groupName="Memorain" and title="Reduced to ashes"

10-may-2012 22:41:16 main.Errors writeError
GRAVE: Error saving review
Failed to save review Memorain Reduced to ashes

10-may-2012 22:41:17 main.Errors showError
GRAVE: Error on select sentence on database
10-may-2012 22:41:17 main.Errors writeError
GRAVE: Error on select sentence on database
select * from music where groupName="Meshuggah" and title="Koloss"

10-may-2012 22:41:17 main.Errors writeError
GRAVE: Error saving review
Failed to save review Meshuggah Koloss

10-may-2012 22:41:18 main.Errors showError
GRAVE: Error on select sentence on database
10-may-2012 22:41:18 main.Errors writeError
GRAVE: Error on select sentence on database
select * from music where groupName="Monsterworks" and title="The god album"

10-may-2012 22:41:18 main.Errors writeError
GRAVE: Error saving review
Failed to save review Monsterworks The god album

10-may-2012 22:41:18 main.Errors showError
GRAVE: Error on select sentence on database
10-may-2012 22:41:18 main.Errors writeError
GRAVE: Error on select sentence on database
select * from music where groupName="Moonspell" and title="Alpha Noir - Omega white"

10-may-2012 22:41:18 main.Errors writeError
GRAVE: Error saving review
Failed to save review Moonspell Alpha Noir - Omega white

10-may-2012 22:41:18 main.Errors showError
GRAVE: Error on select sentence on database
10-may-2012 22:41:18 main.Errors writeError
GRAVE: Error on select sentence on database
select * from music where groupName="Nemesea" and title="Mana"

10-may-2012 22:41:18 main.Errors writeError
GRAVE: Error saving review
Failed to save review Nemesea Mana

10-may-2012 22:41:19 main.Errors showError
GRAVE: Error on select sentence on database
10-may-2012 22:41:19 main.Errors writeError
GRAVE: Error on select sentence on database
select * from music where groupName="Obscura" and title="Illegimitation"

10-may-2012 22:41:19 main.Errors writeError
GRAVE: Error saving review
Failed to save review Obscura Illegimitation

10-may-2012 22:41:19 main.Errors showError
GRAVE: Error on select sentence on database
10-may-2012 22:41:19 main.Errors writeError
GRAVE: Error on select sentence on database
select * from music where groupName="Overkill" and title="The electric age"

10-may-2012 22:41:19 main.Errors writeError
GRAVE: Error saving review
Failed to save review Overkill The electric age

10-may-2012 22:41:20 main.Errors showError
GRAVE: Error on select sentence on database
10-may-2012 22:41:20 main.Errors writeError
GRAVE: Error on select sentence on database
select * from music where groupName="Painmuseum" and title="Metal for life"

10-may-2012 22:41:20 main.Errors writeError
GRAVE: Error saving review
Failed to save review Painmuseum Metal for life

10-may-2012 22:41:21 main.Errors showError
GRAVE: Error on select sentence on database
10-may-2012 22:41:21 main.Errors writeError
GRAVE: Error on select sentence on database
select * from music where groupName="Sigh" and title="In Somniphobia"

10-may-2012 22:41:21 main.Errors writeError
GRAVE: Error saving review
Failed to save review Sigh In Somniphobia

10-may-2012 22:41:22 main.Errors showError
GRAVE: Error on select sentence on database
10-may-2012 22:41:22 main.Errors writeError
GRAVE: Error on select sentence on database
select * from music where groupName="Soulfly" and title="Enslaved"

10-may-2012 22:41:22 main.Errors writeError
GRAVE: Error saving review
Failed to save review Soulfly Enslaved

10-may-2012 22:41:22 main.Errors showError
GRAVE: Error on select sentence on database
10-may-2012 22:41:22 main.Errors writeError
GRAVE: Error on select sentence on database
select * from music where groupName="Synesis Absorption" and title="Disgrace of redemption"

10-may-2012 22:41:22 main.Errors writeError
GRAVE: Error saving review
Failed to save review Synesis Absorption Disgrace of redemption

10-may-2012 22:41:23 main.Errors showError
GRAVE: Error on select sentence on database
10-may-2012 22:41:23 main.Errors writeError
GRAVE: Error on select sentence on database
select * from music where groupName="The absence" and title="Riders of the plague"

10-may-2012 22:41:23 main.Errors writeError
GRAVE: Error saving review
Failed to save review The absence Riders of the plague

10-may-2012 22:41:23 main.Errors showError
GRAVE: Error on select sentence on database
10-may-2012 22:41:23 main.Errors writeError
GRAVE: Error on select sentence on database
select * from music where groupName="The wretched end" and title="Inroads"

10-may-2012 22:41:23 main.Errors writeError
GRAVE: Error saving review
Failed to save review The wretched end Inroads

10-may-2012 22:41:24 main.Errors showError
GRAVE: Error on select sentence on database
10-may-2012 22:41:24 main.Errors writeError
GRAVE: Error on select sentence on database
select * from music where groupName="The wretched end" and title="Ominous"

10-may-2012 22:41:24 main.Errors writeError
GRAVE: Error saving review
Failed to save review The wretched end Ominous

10-may-2012 22:41:28 main.Errors showError
GRAVE: Error on select sentence on database
10-may-2012 22:41:28 main.Errors writeError
GRAVE: Error on select sentence on database
select * from music where groupName="Unisonic" and title="Unisonic"

10-may-2012 22:41:28 main.Errors writeError
GRAVE: Error saving review
Failed to save review Unisonic Unisonic

10-may-2012 22:41:29 main.Errors showError
GRAVE: Error on select sentence on database
10-may-2012 22:41:29 main.Errors writeError
GRAVE: Error on select sentence on database
select * from music where groupName="Van Halen" and title="Fair Warning"

10-may-2012 22:41:29 main.Errors writeError
GRAVE: Error saving review
Failed to save review Van Halen Fair Warning

10-may-2012 22:41:30 main.Errors showError
GRAVE: Error on select sentence on database
10-may-2012 22:41:30 main.Errors writeError
GRAVE: Error on select sentence on database
select * from music where groupName="Vulture" and title="Destructive Creation"

10-may-2012 22:41:30 main.Errors writeError
GRAVE: Error saving review
Failed to save review Vulture Destructive Creation

10-may-2012 22:41:30 main.Errors showError
GRAVE: Error on select sentence on database
10-may-2012 22:41:30 main.Errors writeError
GRAVE: Error on select sentence on database
select * from music where groupName="VV.AA" and title="Euskal Musika Rock - Vol 6"

10-may-2012 22:41:30 main.Errors writeError
GRAVE: Error saving review
Failed to save review VV.AA Euskal Musika Rock - Vol 6

10-may-2012 22:41:31 main.Errors showError
GRAVE: Error on select sentence on database
10-may-2012 22:41:31 main.Errors writeError
GRAVE: Error on select sentence on database
select * from music where groupName="VV.AA" and title="Euskal Musika Rock - Vol 7"

10-may-2012 22:41:31 main.Errors writeError
GRAVE: Error saving review
Failed to save review VV.AA Euskal Musika Rock - Vol 7

10-may-2012 22:41:31 main.Errors showError
GRAVE: Error on select sentence on database
10-may-2012 22:41:31 main.Errors writeError
GRAVE: Error on select sentence on database
select * from music where groupName="Yngwie Malmsteen" and title="Angels of Love"

10-may-2012 22:41:31 main.Errors writeError
GRAVE: Error saving review
Failed to save review Yngwie Malmsteen Angels of Love

10-may-2012 22:41:32 main.Errors showError
GRAVE: Error on select sentence on database
10-may-2012 22:41:32 main.Errors writeError
GRAVE: Error on select sentence on database
select * from music where groupName="Yngwie Malmsteen" and title="Relentless"

10-may-2012 22:41:32 main.Errors writeError
GRAVE: Error saving review
Failed to save review Yngwie Malmsteen Relentless

10-may-2012 23:16:45 main.Errors showError
GRAVE: Error on select sentence on database
10-may-2012 23:16:45 main.Errors writeError
GRAVE: Error on select sentence on database
select * from music where groupName="Angel Corpse" and title="Iron Blood & Blasphemy"

10-may-2012 23:16:45 main.Errors writeError
GRAVE: Error saving review
Failed to save review Angel Corpse Iron Blood & Blasphemy

10-may-2012 23:16:48 main.Errors showError
GRAVE: Error on select sentence on database
10-may-2012 23:16:48 main.Errors writeError
GRAVE: Error on select sentence on database
select * from music where groupName="Blotted science" and title="The animation of Entomology"

10-may-2012 23:16:48 main.Errors writeError
GRAVE: Error saving review
Failed to save review Blotted science The animation of Entomology

10-may-2012 23:16:49 main.Errors showError
GRAVE: Error on select sentence on database
10-may-2012 23:16:49 main.Errors writeError
GRAVE: Error on select sentence on database
select * from music where groupName="Counter" and title="World Experience - Music for Kings"

10-may-2012 23:16:49 main.Errors writeError
GRAVE: Error saving review
Failed to save review Counter World Experience - Music for Kings

10-may-2012 23:16:50 main.Errors showError
GRAVE: Error on select sentence on database
10-may-2012 23:16:50 main.Errors writeError
GRAVE: Error on select sentence on database
select * from music where groupName="Disbelief" and title="Heal"

10-may-2012 23:16:50 main.Errors writeError
GRAVE: Error saving review
Failed to save review Disbelief Heal

10-may-2012 23:16:52 main.Errors showError
GRAVE: Error on select sentence on database
10-may-2012 23:16:52 main.Errors writeError
GRAVE: Error on select sentence on database
select * from music where groupName="Memorain" and title="Reduced to ashes"

10-may-2012 23:16:52 main.Errors writeError
GRAVE: Error saving review
Failed to save review Memorain Reduced to ashes

10-may-2012 23:16:53 main.Errors showError
GRAVE: Error on select sentence on database
10-may-2012 23:16:53 main.Errors writeError
GRAVE: Error on select sentence on database
select * from music where groupName="Meshuggah" and title="Koloss"

10-may-2012 23:16:53 main.Errors writeError
GRAVE: Error saving review
Failed to save review Meshuggah Koloss

10-may-2012 23:16:53 main.Errors showError
GRAVE: Error on select sentence on database
10-may-2012 23:16:53 main.Errors writeError
GRAVE: Error on select sentence on database
select * from music where groupName="Monsterworks" and title="The god album"

10-may-2012 23:16:53 main.Errors writeError
GRAVE: Error saving review
Failed to save review Monsterworks The god album

10-may-2012 23:16:54 main.Errors showError
GRAVE: Error on select sentence on database
10-may-2012 23:16:54 main.Errors writeError
GRAVE: Error on select sentence on database
select * from music where groupName="Moonspell" and title="Alpha Noir - Omega white"

10-may-2012 23:16:54 main.Errors writeError
GRAVE: Error saving review
Failed to save review Moonspell Alpha Noir - Omega white

10-may-2012 23:16:54 main.Errors showError
GRAVE: Error on select sentence on database
10-may-2012 23:16:54 main.Errors writeError
GRAVE: Error on select sentence on database
select * from music where groupName="Nemesea" and title="Mana"

10-may-2012 23:16:54 main.Errors writeError
GRAVE: Error saving review
Failed to save review Nemesea Mana

10-may-2012 23:16:55 main.Errors showError
GRAVE: Error on select sentence on database
10-may-2012 23:16:55 main.Errors writeError
GRAVE: Error on select sentence on database
select * from music where groupName="Obscura" and title="Illegimitation"

10-may-2012 23:16:55 main.Errors writeError
GRAVE: Error saving review
Failed to save review Obscura Illegimitation

10-may-2012 23:16:55 main.Errors showError
GRAVE: Error on select sentence on database
10-may-2012 23:16:55 main.Errors writeError
GRAVE: Error on select sentence on database
select * from music where groupName="Overkill" and title="The electric age"

10-may-2012 23:16:55 main.Errors writeError
GRAVE: Error saving review
Failed to save review Overkill The electric age

10-may-2012 23:16:56 main.Errors showError
GRAVE: Error on select sentence on database
10-may-2012 23:16:56 main.Errors writeError
GRAVE: Error on select sentence on database
select * from music where groupName="Painmuseum" and title="Metal for life"

10-may-2012 23:16:56 main.Errors writeError
GRAVE: Error saving review
Failed to save review Painmuseum Metal for life

10-may-2012 23:16:56 main.Errors showError
GRAVE: Error on select sentence on database
10-may-2012 23:16:56 main.Errors writeError
GRAVE: Error on select sentence on database
select * from music where groupName="Sigh" and title="In Somniphobia"

10-may-2012 23:16:56 main.Errors writeError
GRAVE: Error saving review
Failed to save review Sigh In Somniphobia

10-may-2012 23:16:57 main.Errors showError
GRAVE: Error on select sentence on database
10-may-2012 23:16:57 main.Errors writeError
GRAVE: Error on select sentence on database
select * from music where groupName="Soulfly" and title="Enslaved"

10-may-2012 23:16:57 main.Errors writeError
GRAVE: Error saving review
Failed to save review Soulfly Enslaved

10-may-2012 23:16:57 main.Errors showError
GRAVE: Error on select sentence on database
10-may-2012 23:16:57 main.Errors writeError
GRAVE: Error on select sentence on database
select * from music where groupName="Synesis Absorption" and title="Disgrace of redemption"

10-may-2012 23:16:57 main.Errors writeError
GRAVE: Error saving review
Failed to save review Synesis Absorption Disgrace of redemption

10-may-2012 23:16:57 main.Errors showError
GRAVE: Error on select sentence on database
10-may-2012 23:16:57 main.Errors writeError
GRAVE: Error on select sentence on database
select * from music where groupName="The absence" and title="Riders of the plague"

10-may-2012 23:16:57 main.Errors writeError
GRAVE: Error saving review
Failed to save review The absence Riders of the plague

10-may-2012 23:16:58 main.Errors showError
GRAVE: Error on select sentence on database
10-may-2012 23:16:58 main.Errors writeError
GRAVE: Error on select sentence on database
select * from music where groupName="The wretched end" and title="Inroads"

10-may-2012 23:16:58 main.Errors writeError
GRAVE: Error saving review
Failed to save review The wretched end Inroads

10-may-2012 23:16:58 main.Errors showError
GRAVE: Error on select sentence on database
10-may-2012 23:16:58 main.Errors writeError
GRAVE: Error on select sentence on database
select * from music where groupName="The wretched end" and title="Ominous"

10-may-2012 23:16:58 main.Errors writeError
GRAVE: Error saving review
Failed to save review The wretched end Ominous

10-may-2012 23:16:59 main.Errors showError
GRAVE: Error on select sentence on database
10-may-2012 23:16:59 main.Errors writeError
GRAVE: Error on select sentence on database
select * from music where groupName="Unisonic" and title="Unisonic"

10-may-2012 23:16:59 main.Errors writeError
GRAVE: Error saving review
Failed to save review Unisonic Unisonic

10-may-2012 23:16:59 main.Errors showError
GRAVE: Error on select sentence on database
10-may-2012 23:16:59 main.Errors writeError
GRAVE: Error on select sentence on database
select * from music where groupName="Van Halen" and title="Fair Warning"

10-may-2012 23:16:59 main.Errors writeError
GRAVE: Error saving review
Failed to save review Van Halen Fair Warning

10-may-2012 23:17:00 main.Errors showError
GRAVE: Error on select sentence on database
10-may-2012 23:17:00 main.Errors writeError
GRAVE: Error on select sentence on database
select * from music where groupName="Vulture" and title="Destructive Creation"

10-may-2012 23:17:00 main.Errors writeError
GRAVE: Error saving review
Failed to save review Vulture Destructive Creation

10-may-2012 23:17:00 main.Errors showError
GRAVE: Error on select sentence on database
10-may-2012 23:17:00 main.Errors writeError
GRAVE: Error on select sentence on database
select * from music where groupName="VV.AA" and title="Euskal Musika Rock - Vol 6"

10-may-2012 23:17:00 main.Errors writeError
GRAVE: Error saving review
Failed to save review VV.AA Euskal Musika Rock - Vol 6

10-may-2012 23:17:01 main.Errors showError
GRAVE: Error on select sentence on database
10-may-2012 23:17:01 main.Errors writeError
GRAVE: Error on select sentence on database
select * from music where groupName="VV.AA" and title="Euskal Musika Rock - Vol 7"

10-may-2012 23:17:01 main.Errors writeError
GRAVE: Error saving review
Failed to save review VV.AA Euskal Musika Rock - Vol 7

10-may-2012 23:17:01 main.Errors showError
GRAVE: Error on select sentence on database
10-may-2012 23:17:01 main.Errors writeError
GRAVE: Error on select sentence on database
select * from music where groupName="Yngwie Malmsteen" and title="Angels of Love"

10-may-2012 23:17:01 main.Errors writeError
GRAVE: Error saving review
Failed to save review Yngwie Malmsteen Angels of Love

10-may-2012 23:17:01 main.Errors showError
GRAVE: Error on select sentence on database
10-may-2012 23:17:01 main.Errors writeError
GRAVE: Error on select sentence on database
select * from music where groupName="Yngwie Malmsteen" and title="Relentless"

10-may-2012 23:17:01 main.Errors writeError
GRAVE: Error saving review
Failed to save review Yngwie Malmsteen Relentless

10-may-2012 23:29:18 main.Errors showError
GRAVE: Error on select sentence on database
10-may-2012 23:29:18 main.Errors writeError
GRAVE: Error on select sentence on database
select * from music where groupName="Blotted science" and title="The animation of Entomology"

10-may-2012 23:29:18 main.Errors writeError
GRAVE: Error saving review
Failed to save review Blotted science The animation of Entomology

10-may-2012 23:29:19 main.Errors showError
GRAVE: Error on select sentence on database
10-may-2012 23:29:19 main.Errors writeError
GRAVE: Error on select sentence on database
select * from music where groupName="Counter" and title="World Experience - Music for Kings"

10-may-2012 23:29:19 main.Errors writeError
GRAVE: Error saving review
Failed to save review Counter World Experience - Music for Kings

10-may-2012 23:29:19 main.Errors showError
GRAVE: Error on select sentence on database
10-may-2012 23:29:19 main.Errors writeError
GRAVE: Error on select sentence on database
select * from music where groupName="Disbelief" and title="Heal"

10-may-2012 23:29:19 main.Errors writeError
GRAVE: Error saving review
Failed to save review Disbelief Heal

10-may-2012 23:31:18 main.Errors showError
GRAVE: Error on select sentence on database
10-may-2012 23:31:18 main.Errors writeError
GRAVE: Error on select sentence on database
select * from music where groupName="Blotted science" and title="The animation of Entomology"

10-may-2012 23:31:18 main.Errors writeError
GRAVE: Error saving review
Failed to save review Blotted science The animation of Entomology

10-may-2012 23:36:19 main.Errors writeError
GRAVE: Error saving review
Failed to save review Blotted science The animation of Entomology
java.lang.NullPointerException
10-may-2012 23:36:19 main.Errors writeError
GRAVE: Error saving review
Failed to save review Counter World Experience - Music for Kings
java.lang.NullPointerException
10-may-2012 23:36:19 main.Errors writeError
GRAVE: Error saving review
Failed to save review Disbelief Heal
java.lang.NullPointerException
10-may-2012 23:36:20 main.Errors writeError
GRAVE: Error saving review
Failed to save review Memorain Reduced to ashes
java.lang.NullPointerException
10-may-2012 23:36:20 main.Errors writeError
GRAVE: Error saving review
Failed to save review Meshuggah Koloss
java.lang.NullPointerException
10-may-2012 23:36:20 main.Errors writeError
GRAVE: Error saving review
Failed to save review Monsterworks The god album
java.lang.NullPointerException
10-may-2012 23:36:20 main.Errors writeError
GRAVE: Error saving review
Failed to save review Moonspell Alpha Noir - Omega white
java.lang.NullPointerException
10-may-2012 23:36:20 main.Errors writeError
GRAVE: Error saving review
Failed to save review Nemesea Mana
java.lang.NullPointerException
10-may-2012 23:36:20 main.Errors writeError
GRAVE: Error saving review
Failed to save review Obscura Illegimitation
java.lang.NullPointerException
10-may-2012 23:36:20 main.Errors writeError
GRAVE: Error saving review
Failed to save review Overkill The electric age
java.lang.NullPointerException
10-may-2012 23:36:20 main.Errors writeError
GRAVE: Error saving review
Failed to save review Painmuseum Metal for life
java.lang.NullPointerException
10-may-2012 23:36:20 main.Errors writeError
GRAVE: Error saving review
Failed to save review Sigh In Somniphobia
java.lang.NullPointerException
10-may-2012 23:36:20 main.Errors writeError
GRAVE: Error saving review
Failed to save review Soulfly Enslaved
java.lang.NullPointerException
10-may-2012 23:36:20 main.Errors writeError
GRAVE: Error saving review
Failed to save review Synesis Absorption Disgrace of redemption
java.lang.NullPointerException
10-may-2012 23:36:20 main.Errors writeError
GRAVE: Error saving review
Failed to save review The absence Riders of the plague
java.lang.NullPointerException
10-may-2012 23:36:20 main.Errors writeError
GRAVE: Error saving review
Failed to save review The wretched end Inroads
java.lang.NullPointerException
10-may-2012 23:36:20 main.Errors writeError
GRAVE: Error saving review
Failed to save review The wretched end Ominous
java.lang.NullPointerException
10-may-2012 23:36:21 main.Errors writeError
GRAVE: Error saving review
Failed to save review Unisonic Unisonic
java.lang.NullPointerException
10-may-2012 23:36:21 main.Errors writeError
GRAVE: Error saving review
Failed to save review Van Halen Fair Warning
java.lang.NullPointerException
10-may-2012 23:36:21 main.Errors writeError
GRAVE: Error saving review
Failed to save review Vulture Destructive Creation
java.lang.NullPointerException
10-may-2012 23:36:21 main.Errors writeError
GRAVE: Error saving review
Failed to save review VV.AA Euskal Musika Rock - Vol 6
java.lang.NullPointerException
10-may-2012 23:36:21 main.Errors writeError
GRAVE: Error saving review
Failed to save review VV.AA Euskal Musika Rock - Vol 7
java.lang.NullPointerException
10-may-2012 23:36:21 main.Errors writeError
GRAVE: Error saving review
Failed to save review Yngwie Malmsteen Angels of Love
java.lang.NullPointerException
10-may-2012 23:36:21 main.Errors writeError
GRAVE: Error saving review
Failed to save review Yngwie Malmsteen Relentless
java.lang.NullPointerException
10-may-2012 23:45:26 main.Errors writeError
GRAVE: Error saving review
Failed to save review Blotted science The animation of Entomology
java.lang.NullPointerException
10-may-2012 23:45:26 main.Errors writeError
GRAVE: Error saving review
Failed to save review Counter World Experience - Music for Kings
java.lang.NullPointerException
10-may-2012 23:45:26 main.Errors writeError
GRAVE: Error saving review
Failed to save review Disbelief Heal
java.lang.NullPointerException
10-may-2012 23:45:27 main.Errors writeError
GRAVE: Error saving review
Failed to save review Memorain Reduced to ashes
java.lang.NullPointerException
10-may-2012 23:45:27 main.Errors writeError
GRAVE: Error saving review
Failed to save review Meshuggah Koloss
java.lang.NullPointerException
10-may-2012 23:45:27 main.Errors writeError
GRAVE: Error saving review
Failed to save review Monsterworks The god album
java.lang.NullPointerException
10-may-2012 23:45:27 main.Errors writeError
GRAVE: Error saving review
Failed to save review Moonspell Alpha Noir - Omega white
java.lang.NullPointerException
10-may-2012 23:45:27 main.Errors writeError
GRAVE: Error saving review
Failed to save review Nemesea Mana
java.lang.NullPointerException
10-may-2012 23:45:27 main.Errors writeError
GRAVE: Error saving review
Failed to save review Obscura Illegimitation
java.lang.NullPointerException
10-may-2012 23:45:27 main.Errors writeError
GRAVE: Error saving review
Failed to save review Overkill The electric age
java.lang.NullPointerException
10-may-2012 23:45:27 main.Errors writeError
GRAVE: Error saving review
Failed to save review Painmuseum Metal for life
java.lang.NullPointerException
10-may-2012 23:45:27 main.Errors writeError
GRAVE: Error saving review
Failed to save review Sigh In Somniphobia
java.lang.NullPointerException
10-may-2012 23:45:27 main.Errors writeError
GRAVE: Error saving review
Failed to save review Soulfly Enslaved
java.lang.NullPointerException
10-may-2012 23:45:27 main.Errors writeError
GRAVE: Error saving review
Failed to save review Synesis Absorption Disgrace of redemption
java.lang.NullPointerException
10-may-2012 23:45:28 main.Errors writeError
GRAVE: Error saving review
Failed to save review The absence Riders of the plague
java.lang.NullPointerException
10-may-2012 23:45:28 main.Errors writeError
GRAVE: Error saving review
Failed to save review The wretched end Inroads
java.lang.NullPointerException
10-may-2012 23:45:28 main.Errors writeError
GRAVE: Error saving review
Failed to save review The wretched end Ominous
java.lang.NullPointerException
10-may-2012 23:45:28 main.Errors writeError
GRAVE: Error saving review
Failed to save review Unisonic Unisonic
java.lang.NullPointerException
10-may-2012 23:45:28 main.Errors writeError
GRAVE: Error saving review
Failed to save review Van Halen Fair Warning
java.lang.NullPointerException
10-may-2012 23:45:28 main.Errors writeError
GRAVE: Error saving review
Failed to save review Vulture Destructive Creation
java.lang.NullPointerException
10-may-2012 23:45:28 main.Errors writeError
GRAVE: Error saving review
Failed to save review VV.AA Euskal Musika Rock - Vol 6
java.lang.NullPointerException
10-may-2012 23:45:28 main.Errors writeError
GRAVE: Error saving review
Failed to save review VV.AA Euskal Musika Rock - Vol 7
java.lang.NullPointerException
10-may-2012 23:45:28 main.Errors writeError
GRAVE: Error saving review
Failed to save review Yngwie Malmsteen Angels of Love
java.lang.NullPointerException
10-may-2012 23:45:28 main.Errors writeError
GRAVE: Error saving review
Failed to save review Yngwie Malmsteen Relentless
java.lang.NullPointerException
11-sep-2012 17:56:35 main.Errors writeError
GRAVE: Error with some var null
Error in MultiDBImage when putting image on label
11-sep-2012 17:56:37 main.Errors writeError
GRAVE: Error with some var null
Error in MultiDBImage when putting image on label
11-sep-2012 17:56:39 main.Errors writeError
GRAVE: Error with some var null
Error in MultiDBImage when putting image on label
11-sep-2012 17:56:40 main.Errors writeError
GRAVE: Error with some var null
Error in MultiDBImage when putting image on label
11-sep-2012 17:56:40 main.Errors writeError
GRAVE: Error with some var null
Error in MultiDBImage when putting image on label
11-sep-2012 17:56:41 main.Errors writeError
GRAVE: Error with some var null
Error in MultiDBImage when putting image on label
11-sep-2012 17:56:42 main.Errors writeError
GRAVE: Error with some var null
Error in MultiDBImage when putting image on label
11-sep-2012 17:56:43 main.Errors writeError
GRAVE: Error with some var null
Error in MultiDBImage when putting image on label
11-sep-2012 17:56:43 main.Errors writeError
GRAVE: Error with some var null
Error in MultiDBImage when putting image on label
11-sep-2012 17:56:43 main.Errors writeError
GRAVE: Error with some var null
Error in MultiDBImage when putting image on label
11-sep-2012 17:56:43 main.Errors writeError
GRAVE: Error with some var null
Error in MultiDBImage when putting image on label
11-sep-2012 17:56:44 main.Errors writeError
GRAVE: Error with some var null
Error in MultiDBImage when putting image on label
11-sep-2012 17:56:44 main.Errors writeError
GRAVE: Error with some var null
Error in MultiDBImage when putting image on label
11-sep-2012 17:56:44 main.Errors writeError
GRAVE: Error with some var null
Error in MultiDBImage when putting image on label
11-sep-2012 17:56:44 main.Errors writeError
GRAVE: Error with some var null
Error in MultiDBImage when putting image on label
11-sep-2012 17:56:44 main.Errors writeError
GRAVE: Error with some var null
Error in MultiDBImage when putting image on label
11-sep-2012 17:56:44 main.Errors writeError
GRAVE: Error with some var null
Error in MultiDBImage when putting image on label
11-sep-2012 17:56:45 main.Errors writeError
GRAVE: Error with some var null
Error in MultiDBImage when putting image on label
11-sep-2012 17:56:45 main.Errors writeError
GRAVE: Error with some var null
Error in MultiDBImage when putting image on label
11-sep-2012 17:56:45 main.Errors writeError
GRAVE: Error with some var null
Error in MultiDBImage when putting image on label
11-sep-2012 17:56:45 main.Errors writeError
GRAVE: Error with some var null
Error in MultiDBImage when putting image on label
11-sep-2012 17:56:46 main.Errors writeError
GRAVE: Error with some var null
Error in MultiDBImage when putting image on label
11-sep-2012 17:56:46 main.Errors writeError
GRAVE: Error with some var null
Error in MultiDBImage when putting image on label
11-sep-2012 17:56:46 main.Errors writeError
GRAVE: Error with some var null
Error in MultiDBImage when putting image on label
11-sep-2012 17:56:46 main.Errors writeError
GRAVE: Error with some var null
Error in MultiDBImage when putting image on label
11-sep-2012 17:56:47 main.Errors writeError
GRAVE: Error with some var null
Error in MultiDBImage when putting image on label
11-sep-2012 17:56:47 main.Errors writeError
GRAVE: Error with some var null
Error in MultiDBImage when putting image on label
11-sep-2012 17:56:47 main.Errors writeError
GRAVE: Error with some var null
Error in MultiDBImage when putting image on label
11-sep-2012 17:56:47 main.Errors writeError
GRAVE: Error with some var null
Error in MultiDBImage when putting image on label
11-sep-2012 17:56:47 main.Errors writeError
GRAVE: Error with some var null
Error in MultiDBImage when putting image on label
11-sep-2012 18:14:14 main.Errors writeError
GRAVE: Error with some var null
Error in MultiDBImage when putting image on label
11-sep-2012 18:22:21 main.Errors writeError
GRAVE: Error with some var null
Error in MultiDBImage when putting image on label
11-sep-2012 18:22:22 main.Errors writeError
GRAVE: Error with some var null
Error in MultiDBImage when putting image on label
11-sep-2012 23:11:36 main.Errors writeError
GRAVE: Error with some var null
Error in MultiDBImage when putting image on label
11-sep-2012 23:20:56 main.Errors writeError
GRAVE: Error with some var null
Error in MultiDBImage when putting image on label
11-sep-2012 23:20:57 main.Errors writeError
GRAVE: Error with some var null
Error in MultiDBImage when putting image on label
11-sep-2012 23:22:26 main.Errors writeError
GRAVE: Error with some var null
Error in MultiDBImage when putting image on label
11-sep-2012 23:27:33 main.Errors writeError
GRAVE: Error with some var null
Error in MultiDBImage when putting image on label
11-sep-2012 23:27:35 main.Errors writeError
GRAVE: Error with some var null
Error in MultiDBImage when putting image on label
11-sep-2012 23:28:14 main.Errors writeError
GRAVE: Error with some var null
Error in MultiDBImage when putting image on label
11-sep-2012 23:28:34 main.Errors writeError
GRAVE: Error with some var null
Error in MultiDBImage when putting image on label
13-sep-2012 16:36:55 main.Errors writeError
GRAVE: Error with some var null
Error in MultiDBImage when putting image on label
13-sep-2012 16:49:47 main.Errors writeError
GRAVE: Error with some var null
Error in MultiDBImage when putting image on label
13-sep-2012 16:51:53 main.Errors writeError
GRAVE: Error with some var null
Error in MultiDBImage when putting image on label
13-sep-2012 16:53:36 main.Errors writeError
GRAVE: Error with some var null
Error in MultiDBImage when putting image on label
13-sep-2012 16:57:06 main.Errors writeError
GRAVE: Error with some var null
Error in MultiDBImage when putting image on label
13-sep-2012 16:58:08 main.Errors writeError
GRAVE: Error with some var null
Error in MultiDBImage when putting image on label
13-sep-2012 16:59:12 main.Errors writeError
GRAVE: Error with some var null
Error in MultiDBImage when putting image on label
13-sep-2012 17:07:55 main.Errors writeError
GRAVE: Error with some var null
Error in MultiDBImage when putting image on label
13-sep-2012 22:26:42 main.Errors writeError
GRAVE: Error with some var null
Error in MultiDBImage when putting image on label
15-sep-2012 12:02:18 main.Errors writeError
GRAVE: Error with some var null
Error in MultiDBImage when putting image on label
19-sep-2012 23:42:32 main.Errors showError
GRAVE: Error, file not found
Not a directory
20-sep-2012 21:18:36 main.Errors showError
GRAVE: Error, file not found
Not a directory
